Oyonnax at Rouen
Vannes at Biarritz Olympique
Soyaux-Angouleme at Beziers
Carcassonne at Massy
Provence Rugby at Mont-de-Marsan
Colomiers at Montauban
Aurillac at Nevers
Agen at Grenoble
Skyactivs Hiroshima at Kyuden Voltex
Kubota Spears Funabashi Tokyo-Bay at Toyota Verblitz
Black Rams Tokyo at Yokohama Canon Eagles
Ireland at Wales
Scotland at England
Poland at Romania
Stormers at Sharks
Bayonne at Stade Toulousain
Perpignan at Brive
Castres Olympique at Clermont Auvergne
Lyon at La Rochelle
Racing 92 at Pau
Belgium at Portugal
Toulon at Montpellier Herault
Kobelco Kobe Steelers at Mitsubishi Dynaboars
Chugoku Red Regulions at Kurita Water Gush
Tokyo Sungoliath at Toshiba Brave Lupus Tokyo
Saitama Wild Knights at Green Rockets Tokatsu
Shizuoka Blue Revs at Hanazono Kintetsu Liners
Toyota Industries Shuttles Aichi at Mie Honda Heat
Germany at Georgia
France at Italy
Netherlands at Spain
Bordeaux Begles at Stade Francais Paris
FUTURE MATCHES
France at Ireland
Wales at Scotland
FUTURE MATCHES - NO LINEUPS
Newcastle Falcons at Bristol Rugby
Harlequins at Gloucester Rugby
Kamaishi Seawaves at Urayasu D-Rocks
Chugoku Red Regulions at NTT Docomo Red Hurricanes Osaka
Kyuden Voltex at Kurita Water Gush
New England Free Jacks at NOLA Gold
Toronto Arrows at Rugby ATL
Rennes at US Bressane
Nice at Albi
Bourgoin-Jallieu at Suresnes
Narbonne at Valence Romans Drome Rugby
Carqueiranne-Hyères at Tarbes
Dax at Cognac Saint Jean d'Angély
Blagnac at Chambery
Italy at England
Grenoble at Rouen
Nevers at Provence Rugby
Montauban at Vannes
Massy at Soyaux-Angouleme
Carcassonne at Aurillac
Beziers at Colomiers
Mont-de-Marsan at Agen
Provence Rugby at Agen
Vannes at Mont-de-Marsan
Nevers at Beziers
Rouen at Biarritz Olympique
Aurillac at Massy
Soyaux-Angouleme at Carcassonne
Oyonnax at Montauban
Colomiers at Grenoble
Georgia at Netherlands
Spain at Germany
Portugal at Poland
Romania at Belgium
